11-10 15:43:53 com_github_MitjaNemec_ReplicateLayout.action_replicate_layout 392:Plugin executed on: 'win32'
11-10 15:43:53 com_github_MitjaNemec_ReplicateLayout.action_replicate_layout 393:Plugin executed with python version: '3.9.16 (main, Oct 13 2023, 05:50:11) [MSC v.1936 64 bit (AMD64)]'
11-10 15:43:53 com_github_MitjaNemec_ReplicateLayout.action_replicate_layout 394:KiCad build version: 7.0.10
11-10 15:43:53 com_github_MitjaNemec_ReplicateLayout.action_replicate_layout 395:Plugin version: 2.1.3
11-10 15:43:53 com_github_MitjaNemec_ReplicateLayout.action_replicate_layout 396:Frame repr: <wx._core.Frame object at 0x0000018AA8088D30>
11-10 15:43:53 com_github_MitjaNemec_ReplicateLayout.action_replicate_layout 420:Preparing replicator with U5 as a reference
11-10 15:43:53 com_github_MitjaNemec_ReplicateLayout.replicate_layout 117:getting a list of all footprints on board
11-10 15:43:53 com_github_MitjaNemec_ReplicateLayout.action_replicate_layout 468:source anchor footprint is 'U5'
Located on: ['MotorDriver0']
With filenames: ['motdrive.kicad_sch']
With sheet_id:['MotorDriver0']
11-10 15:43:53 com_github_MitjaNemec_ReplicateLayout.action_replicate_layout 475:Corresponding footprints are 
[('U4', ['MotorDriver1']), ('U5', ['MotorDriver0'])]
11-10 15:43:53 com_github_MitjaNemec_ReplicateLayout.action_replicate_layout 487:Showing dialog
11-10 15:43:54 com_github_MitjaNemec_ReplicateLayout.replicate_layout 424:constructing a list of sheets suitable for replication on level:'MotorDriver0', file:'motdrive.kicad_sch'
11-10 15:43:54 com_github_MitjaNemec_ReplicateLayout.replicate_layout 461:suitable sheets are:[['MotorDriver1']]
11-10 15:43:54 com_github_MitjaNemec_ReplicateLayout.replicate_layout 1464:Level selected: ['MotorDriver0']
11-10 15:43:54 com_github_MitjaNemec_ReplicateLayout.replicate_layout 1299:Filtering list of tracks
11-10 15:43:54 com_github_MitjaNemec_ReplicateLayout.action_replicate_layout 493:Toolbar position: wx.Point(3206, 176)
11-10 15:43:54 com_github_MitjaNemec_ReplicateLayout.action_replicate_layout 498:Dialog position: wx.Point(2767, 176)
11-10 15:44:02 com_github_MitjaNemec_ReplicateLayout.replicate_layout 424:constructing a list of sheets suitable for replication on level:'MotorDriver0', file:'motdrive.kicad_sch'
11-10 15:44:02 com_github_MitjaNemec_ReplicateLayout.replicate_layout 461:suitable sheets are:[['MotorDriver1']]
11-10 15:44:02 com_github_MitjaNemec_ReplicateLayout.replicate_layout 1464:Level selected: ['MotorDriver0']
11-10 15:44:02 com_github_MitjaNemec_ReplicateLayout.replicate_layout 1299:Filtering list of tracks
11-10 15:44:05 com_github_MitjaNemec_ReplicateLayout.replicate_layout 424:constructing a list of sheets suitable for replication on level:'MotorDriver0', file:'motdrive.kicad_sch'
11-10 15:44:05 com_github_MitjaNemec_ReplicateLayout.replicate_layout 461:suitable sheets are:[['MotorDriver1']]
11-10 15:44:05 com_github_MitjaNemec_ReplicateLayout.action_replicate_layout 240:Replicating layout
11-10 15:44:05 com_github_MitjaNemec_ReplicateLayout.replicate_layout 240:Starting replication of sheets: [['MotorDriver1']]
on level: ['MotorDriver0']
with tracks=True, zone=True, text=True, text=True, intersecting=True, remove=True, locked footprints=False, group_only=False
11-10 15:44:05 root 332:updating GUI message: 'Preparing for replication'
11-10 15:44:05 root 337:updating GUI with: 0
11-10 15:44:05 com_github_MitjaNemec_ReplicateLayout.replicate_layout 310:Getting the list of source footprints
11-10 15:44:05 com_github_MitjaNemec_ReplicateLayout.replicate_layout 320:Getting the list of all the remaining footprints
11-10 15:44:05 com_github_MitjaNemec_ReplicateLayout.replicate_layout 327:Getting source tracks
11-10 15:44:05 com_github_MitjaNemec_ReplicateLayout.replicate_layout 1299:Filtering list of tracks
11-10 15:44:05 com_github_MitjaNemec_ReplicateLayout.replicate_layout 331:Getting source zones
11-10 15:44:05 com_github_MitjaNemec_ReplicateLayout.replicate_layout 335:Getting source text items
11-10 15:44:05 com_github_MitjaNemec_ReplicateLayout.replicate_layout 339:Getting source drawing items
11-10 15:44:05 com_github_MitjaNemec_ReplicateLayout.replicate_layout 272:Removing tracks and zones, before footprint placement
11-10 15:44:05 root 332:updating GUI message: 'Removing zones and tracks'
11-10 15:44:05 com_github_MitjaNemec_ReplicateLayout.replicate_layout 1245:Remove bounding box top:45445000, bottom:73435000, Left:150045000, Right:193745000
11-10 15:44:05 root 332:updating GUI message: 'Replicating footprints'
11-10 15:44:05 com_github_MitjaNemec_ReplicateLayout.replicate_layout 806:Replicating footprints
11-10 15:44:05 com_github_MitjaNemec_ReplicateLayout.replicate_layout 813:Replicating footprints on sheet ['MotorDriver1']
