06-13 09:23:27 com_github_MitjaNemec_PlaceFootprints.action_place_footprints 647:Plugin executed on: 'win32'
06-13 09:23:27 com_github_MitjaNemec_PlaceFootprints.action_place_footprints 648:Plugin executed with python version: '3.9.16 (main, Oct 13 2023, 05:50:11) [MSC v.1936 64 bit (AMD64)]'
06-13 09:23:27 com_github_MitjaNemec_PlaceFootprints.action_place_footprints 649:KiCad build version: 7.0.10
06-13 09:23:27 com_github_MitjaNemec_PlaceFootprints.action_place_footprints 650:Plugin version: 2.1.3
06-13 09:23:27 com_github_MitjaNemec_PlaceFootprints.action_place_footprints 651:Frame repr: <wx._core.Frame object at 0x000001D906820280>
06-13 09:23:27 com_github_MitjaNemec_PlaceFootprints.place_footprints 121:getting a list of all footprints on board
06-13 09:23:27 com_github_MitjaNemec_PlaceFootprints.place_footprints 156:Footprint C64 on root level
06-13 09:23:27 com_github_MitjaNemec_PlaceFootprints.place_footprints 156:Footprint R8 on root level
06-13 09:23:27 com_github_MitjaNemec_PlaceFootprints.place_footprints 156:Footprint R7 on root level
06-13 09:23:27 com_github_MitjaNemec_PlaceFootprints.place_footprints 156:Footprint R6 on root level
06-13 09:23:27 com_github_MitjaNemec_PlaceFootprints.place_footprints 156:Footprint R5 on root level
06-13 09:23:27 com_github_MitjaNemec_PlaceFootprints.place_footprints 156:Footprint R4 on root level
06-13 09:23:27 com_github_MitjaNemec_PlaceFootprints.place_footprints 156:Footprint R3 on root level
06-13 09:23:27 com_github_MitjaNemec_PlaceFootprints.place_footprints 156:Footprint C63 on root level
06-13 09:23:27 com_github_MitjaNemec_PlaceFootprints.place_footprints 156:Footprint J1 on root level
06-13 09:23:27 com_github_MitjaNemec_PlaceFootprints.place_footprints 156:Footprint U2 on root level
06-13 09:23:27 com_github_MitjaNemec_PlaceFootprints.place_footprints 156:Footprint R1 on root level
06-13 09:23:27 com_github_MitjaNemec_PlaceFootprints.place_footprints 156:Footprint C2 on root level
06-13 09:23:27 com_github_MitjaNemec_PlaceFootprints.place_footprints 156:Footprint J2 on root level
06-13 09:23:27 com_github_MitjaNemec_PlaceFootprints.place_footprints 156:Footprint U1 on root level
06-13 09:23:27 com_github_MitjaNemec_PlaceFootprints.place_footprints 156:Footprint R2 on root level
06-13 09:23:27 com_github_MitjaNemec_PlaceFootprints.place_footprints 156:Footprint C1 on root level
06-13 09:23:28 com_github_MitjaNemec_PlaceFootprints.action_place_footprints 830:Reference designator is: IC
06-13 09:23:28 com_github_MitjaNemec_PlaceFootprints.action_place_footprints 831:Reference number is: 21
06-13 09:23:28 com_github_MitjaNemec_PlaceFootprints.action_place_footprints 863:Sorted and filtered list:
['IC21', 'IC22', 'IC23', 'IC24', 'IC25', 'IC26', 'IC27', 'IC28', 'IC29', 'IC30', 'IC31', 'IC32', 'IC33', 'IC34', 'IC35', 'IC36', 'IC37', 'IC38', 'IC39', 'IC40']
06-13 09:23:28 com_github_MitjaNemec_PlaceFootprints.action_place_footprints 359:wx.Colour(240, 240, 240, 255)
06-13 09:23:32 com_github_MitjaNemec_PlaceFootprints.action_place_footprints 490:'0'
06-13 09:23:32 com_github_MitjaNemec_PlaceFootprints.action_place_footprints 536:Preparing config for reference linear
06-13 09:23:32 com_github_MitjaNemec_PlaceFootprints.action_place_footprints 556:Saving config file
06-13 09:23:32 com_github_MitjaNemec_PlaceFootprints.action_place_footprints 558:Saved the config file
06-13 09:23:32 com_github_MitjaNemec_PlaceFootprints.action_place_footprints 901:Footprints to place:
['IC21', 'IC22', 'IC23', 'IC24', 'IC25', 'IC26', 'IC27', 'IC28', 'IC29', 'IC30', 'IC31', 'IC32', 'IC33', 'IC34', 'IC35', 'IC36', 'IC37', 'IC38', 'IC39', 'IC40']
06-13 09:23:32 com_github_MitjaNemec_PlaceFootprints.place_footprints 367:Starting placing with linear layout
06-13 09:23:32 com_github_MitjaNemec_PlaceFootprints.action_place_footprints 942:Placing complete
