04-07 20:46:19 com_github_MitjaNemec_ReplicateLayout.action_replicate_layout 392:Plugin executed on: 'win32'
04-07 20:46:19 com_github_MitjaNemec_ReplicateLayout.action_replicate_layout 393:Plugin executed with python version: '3.9.16 (main, Oct 13 2023, 05:50:11) [MSC v.1936 64 bit (AMD64)]'
04-07 20:46:19 com_github_MitjaNemec_ReplicateLayout.action_replicate_layout 394:KiCad build version: 7.0.10
04-07 20:46:19 com_github_MitjaNemec_ReplicateLayout.action_replicate_layout 395:Plugin version: 2.1.3
04-07 20:46:19 com_github_MitjaNemec_ReplicateLayout.action_replicate_layout 396:Frame repr: <wx._core.Frame object at 0x0000025D9AC5E280>
04-07 20:46:19 com_github_MitjaNemec_ReplicateLayout.action_replicate_layout 420:Preparing replicator with IC1 as a reference
04-07 20:46:19 com_github_MitjaNemec_ReplicateLayout.replicate_layout 117:getting a list of all footprints on board
04-07 20:46:19 com_github_MitjaNemec_ReplicateLayout.action_replicate_layout 468:source anchor footprint is 'IC1'
Located on: ['Coil Driver 0']
With filenames: ['coildriver.kicad_sch']
With sheet_id:['Coil Driver 0']
04-07 20:46:19 com_github_MitjaNemec_ReplicateLayout.action_replicate_layout 475:Corresponding footprints are 
[('IC20', ['Coil Driver 19']), ('IC19', ['Coil Driver 18']), ('IC18', ['Coil Driver 17']), ('IC17', ['Coil Driver 15']), ('IC16', ['Coil Driver 16']), ('IC15', ['Coil Driver 14']), ('IC14', ['Coil Driver 13']), ('IC13', ['Coil Driver 12']), ('IC12', ['Coil Driver 10']), ('IC11', ['Coil Driver 11']), ('IC10', ['Coil Driver 5']), ('IC9', ['Coil Driver 6']), ('IC8', ['Coil Driver 7']), ('IC7', ['Coil Driver 8']), ('IC6', ['Coil Driver 9']), ('IC5', ['Coil Driver 4']), ('IC4', ['Coil Driver 3']), ('IC3', ['Coil Driver 2']), ('IC2', ['Coil Driver 1']), ('IC1', ['Coil Driver 0'])]
04-07 20:46:19 com_github_MitjaNemec_ReplicateLayout.action_replicate_layout 487:Showing dialog
04-07 20:46:19 com_github_MitjaNemec_ReplicateLayout.replicate_layout 424:constructing a list of sheets suitable for replication on level:'Coil Driver 0', file:'coildriver.kicad_sch'
04-07 20:46:19 com_github_MitjaNemec_ReplicateLayout.replicate_layout 461:suitable sheets are:[['Coil Driver 1'], ['Coil Driver 10'], ['Coil Driver 11'], ['Coil Driver 12'], ['Coil Driver 13'], ['Coil Driver 14'], ['Coil Driver 15'], ['Coil Driver 16'], ['Coil Driver 17'], ['Coil Driver 18'], ['Coil Driver 19'], ['Coil Driver 2'], ['Coil Driver 3'], ['Coil Driver 4'], ['Coil Driver 5'], ['Coil Driver 6'], ['Coil Driver 7'], ['Coil Driver 8'], ['Coil Driver 9']]
04-07 20:46:19 com_github_MitjaNemec_ReplicateLayout.replicate_layout 1464:Level selected: ['Coil Driver 0']
04-07 20:46:19 com_github_MitjaNemec_ReplicateLayout.replicate_layout 1299:Filtering list of tracks
04-07 20:46:19 com_github_MitjaNemec_ReplicateLayout.action_replicate_layout 493:Toolbar position: wx.Point(1682, 88)
04-07 20:46:19 com_github_MitjaNemec_ReplicateLayout.action_replicate_layout 498:Dialog position: wx.Point(1243, 88)
04-07 20:46:20 com_github_MitjaNemec_ReplicateLayout.replicate_layout 424:constructing a list of sheets suitable for replication on level:'Coil Driver 0', file:'coildriver.kicad_sch'
04-07 20:46:20 com_github_MitjaNemec_ReplicateLayout.replicate_layout 461:suitable sheets are:[['Coil Driver 1'], ['Coil Driver 10'], ['Coil Driver 11'], ['Coil Driver 12'], ['Coil Driver 13'], ['Coil Driver 14'], ['Coil Driver 15'], ['Coil Driver 16'], ['Coil Driver 17'], ['Coil Driver 18'], ['Coil Driver 19'], ['Coil Driver 2'], ['Coil Driver 3'], ['Coil Driver 4'], ['Coil Driver 5'], ['Coil Driver 6'], ['Coil Driver 7'], ['Coil Driver 8'], ['Coil Driver 9']]
04-07 20:46:20 com_github_MitjaNemec_ReplicateLayout.action_replicate_layout 240:Replicating layout
04-07 20:46:21 com_github_MitjaNemec_ReplicateLayout.replicate_layout 240:Starting replication of sheets: [['Coil Driver 1'], ['Coil Driver 10'], ['Coil Driver 11'], ['Coil Driver 12'], ['Coil Driver 13'], ['Coil Driver 14'], ['Coil Driver 15'], ['Coil Driver 16'], ['Coil Driver 17'], ['Coil Driver 18'], ['Coil Driver 19'], ['Coil Driver 2'], ['Coil Driver 3'], ['Coil Driver 4'], ['Coil Driver 5'], ['Coil Driver 6'], ['Coil Driver 7'], ['Coil Driver 8'], ['Coil Driver 9']]
on level: ['Coil Driver 0']
with tracks=True, zone=True, text=True, text=True, intersecting=False, remove=False, locked footprints=False, group_only=False
04-07 20:46:21 root 332:updating GUI message: 'Preparing for replication'
04-07 20:46:21 root 337:updating GUI with: 0
04-07 20:46:21 com_github_MitjaNemec_ReplicateLayout.replicate_layout 310:Getting the list of source footprints
04-07 20:46:21 com_github_MitjaNemec_ReplicateLayout.replicate_layout 320:Getting the list of all the remaining footprints
04-07 20:46:21 com_github_MitjaNemec_ReplicateLayout.replicate_layout 327:Getting source tracks
04-07 20:46:21 com_github_MitjaNemec_ReplicateLayout.replicate_layout 1299:Filtering list of tracks
04-07 20:46:21 com_github_MitjaNemec_ReplicateLayout.replicate_layout 331:Getting source zones
04-07 20:46:21 com_github_MitjaNemec_ReplicateLayout.replicate_layout 335:Getting source text items
04-07 20:46:21 com_github_MitjaNemec_ReplicateLayout.replicate_layout 339:Getting source drawing items
04-07 20:46:21 root 332:updating GUI message: 'Replicating footprints'
04-07 20:46:21 com_github_MitjaNemec_ReplicateLayout.replicate_layout 806:Replicating footprints
04-07 20:46:21 com_github_MitjaNemec_ReplicateLayout.replicate_layout 813:Replicating footprints on sheet ['Coil Driver 1']
04-07 20:46:21 com_github_MitjaNemec_ReplicateLayout.replicate_layout 813:Replicating footprints on sheet ['Coil Driver 10']
04-07 20:46:21 com_github_MitjaNemec_ReplicateLayout.replicate_layout 813:Replicating footprints on sheet ['Coil Driver 11']
04-07 20:46:21 com_github_MitjaNemec_ReplicateLayout.replicate_layout 813:Replicating footprints on sheet ['Coil Driver 12']
04-07 20:46:21 com_github_MitjaNemec_ReplicateLayout.replicate_layout 813:Replicating footprints on sheet ['Coil Driver 13']
04-07 20:46:21 com_github_MitjaNemec_ReplicateLayout.replicate_layout 813:Replicating footprints on sheet ['Coil Driver 14']
04-07 20:46:21 com_github_MitjaNemec_ReplicateLayout.replicate_layout 813:Replicating footprints on sheet ['Coil Driver 15']
04-07 20:46:21 com_github_MitjaNemec_ReplicateLayout.replicate_layout 813:Replicating footprints on sheet ['Coil Driver 16']
04-07 20:46:21 com_github_MitjaNemec_ReplicateLayout.replicate_layout 813:Replicating footprints on sheet ['Coil Driver 17']
04-07 20:46:21 com_github_MitjaNemec_ReplicateLayout.replicate_layout 813:Replicating footprints on sheet ['Coil Driver 18']
04-07 20:46:21 com_github_MitjaNemec_ReplicateLayout.replicate_layout 813:Replicating footprints on sheet ['Coil Driver 19']
04-07 20:46:21 com_github_MitjaNemec_ReplicateLayout.replicate_layout 813:Replicating footprints on sheet ['Coil Driver 2']
04-07 20:46:21 com_github_MitjaNemec_ReplicateLayout.replicate_layout 813:Replicating footprints on sheet ['Coil Driver 3']
04-07 20:46:21 com_github_MitjaNemec_ReplicateLayout.replicate_layout 813:Replicating footprints on sheet ['Coil Driver 4']
04-07 20:46:21 com_github_MitjaNemec_ReplicateLayout.replicate_layout 813:Replicating footprints on sheet ['Coil Driver 5']
04-07 20:46:21 com_github_MitjaNemec_ReplicateLayout.replicate_layout 813:Replicating footprints on sheet ['Coil Driver 6']
04-07 20:46:21 com_github_MitjaNemec_ReplicateLayout.replicate_layout 813:Replicating footprints on sheet ['Coil Driver 7']
04-07 20:46:21 com_github_MitjaNemec_ReplicateLayout.replicate_layout 813:Replicating footprints on sheet ['Coil Driver 8']
04-07 20:46:21 com_github_MitjaNemec_ReplicateLayout.replicate_layout 813:Replicating footprints on sheet ['Coil Driver 9']
04-07 20:46:21 root 332:updating GUI message: 'Replicating tracks'
04-07 20:46:21 com_github_MitjaNemec_ReplicateLayout.replicate_layout 977:Replicating tracks
04-07 20:46:21 com_github_MitjaNemec_ReplicateLayout.replicate_layout 983:Replicating tracks on sheet ['Coil Driver 1']
04-07 20:46:21 com_github_MitjaNemec_ReplicateLayout.replicate_layout 766:Net pairs for sheet ['Coil Driver 1'] :[('/SCLK', '/SCLK'), ('GND', 'GND'), ('/SDI', '/SDIO_1'), ('/SDIO_1', '/SDIO_2'), ('/COIL0_B', '/COIL1_B'), ('unconnected-(IC1-IS-Pad13)', 'unconnected-(IC2-IS-Pad13)'), ('/CS', '/CS'), ('+3V3', '+3V3'), ('VDC', 'VDC'), ('/COIL0_A', '/COIL1_A')]
04-07 20:46:21 com_github_MitjaNemec_ReplicateLayout.replicate_layout 983:Replicating tracks on sheet ['Coil Driver 10']
04-07 20:46:21 com_github_MitjaNemec_ReplicateLayout.replicate_layout 750:Significant difference between src net: ['', 'SDI'] and dst net: ['', 'SDIO_11'], with src_net_depth=2, dst_net_depth=2, src_fp_depth=1, dst_fp_depth=1, match level 0.80
04-07 20:46:21 com_github_MitjaNemec_ReplicateLayout.replicate_layout 766:Net pairs for sheet ['Coil Driver 10'] :[('/COIL0_B', '/COIL11_B'), ('/SCLK', '/SCLK'), ('GND', 'GND'), ('/COIL0_A', '/COIL11_A'), ('/SDIO_1', '/SDIO_12'), ('/CS', '/CS'), ('+3V3', '+3V3'), ('/SDI', '/SDIO_11'), ('VDC', 'VDC'), ('unconnected-(IC1-IS-Pad13)', 'unconnected-(IC12-IS-Pad13)')]
04-07 20:46:21 com_github_MitjaNemec_ReplicateLayout.replicate_layout 983:Replicating tracks on sheet ['Coil Driver 11']
04-07 20:46:21 com_github_MitjaNemec_ReplicateLayout.replicate_layout 750:Significant difference between src net: ['', 'SDI'] and dst net: ['', 'SDIO_10'], with src_net_depth=2, dst_net_depth=2, src_fp_depth=1, dst_fp_depth=1, match level 0.80
04-07 20:46:21 com_github_MitjaNemec_ReplicateLayout.replicate_layout 766:Net pairs for sheet ['Coil Driver 11'] :[('/SCLK', '/SCLK'), ('GND', 'GND'), ('unconnected-(IC1-IS-Pad13)', 'unconnected-(IC11-IS-Pad13)'), ('/COIL0_A', '/COIL10_A'), ('/SDIO_1', '/SDIO_11'), ('/COIL0_B', '/COIL10_B'), ('/CS', '/CS'), ('+3V3', '+3V3'), ('VDC', 'VDC'), ('/SDI', '/SDIO_10')]
04-07 20:46:21 root 337:updating GUI with: 10
04-07 20:46:21 com_github_MitjaNemec_ReplicateLayout.replicate_layout 983:Replicating tracks on sheet ['Coil Driver 12']
04-07 20:46:21 com_github_MitjaNemec_ReplicateLayout.replicate_layout 750:Significant difference between src net: ['', 'SDI'] and dst net: ['', 'SDIO_12'], with src_net_depth=2, dst_net_depth=2, src_fp_depth=1, dst_fp_depth=1, match level 0.80
04-07 20:46:21 com_github_MitjaNemec_ReplicateLayout.replicate_layout 766:Net pairs for sheet ['Coil Driver 12'] :[('/SCLK', '/SCLK'), ('GND', 'GND'), ('/COIL0_B', '/COIL12_B'), ('/SDIO_1', '/SDIO_13'), ('unconnected-(IC1-IS-Pad13)', 'unconnected-(IC13-IS-Pad13)'), ('/CS', '/CS'), ('/COIL0_A', '/COIL12_A'), ('+3V3', '+3V3'), ('VDC', 'VDC'), ('/SDI', '/SDIO_12')]
04-07 20:46:21 com_github_MitjaNemec_ReplicateLayout.replicate_layout 983:Replicating tracks on sheet ['Coil Driver 13']
04-07 20:46:21 com_github_MitjaNemec_ReplicateLayout.replicate_layout 750:Significant difference between src net: ['', 'SDI'] and dst net: ['', 'SDIO_13'], with src_net_depth=2, dst_net_depth=2, src_fp_depth=1, dst_fp_depth=1, match level 0.80
04-07 20:46:21 com_github_MitjaNemec_ReplicateLayout.replicate_layout 766:Net pairs for sheet ['Coil Driver 13'] :[('/COIL0_A', '/COIL13_A'), ('GND', 'GND'), ('/SCLK', '/SCLK'), ('/SDIO_1', '/SDIO_14'), ('/SDI', '/SDIO_13'), ('unconnected-(IC1-IS-Pad13)', 'unconnected-(IC14-IS-Pad13)'), ('/CS', '/CS'), ('+3V3', '+3V3'), ('VDC', 'VDC'), ('/COIL0_B', '/COIL13_B')]
04-07 20:46:21 com_github_MitjaNemec_ReplicateLayout.replicate_layout 983:Replicating tracks on sheet ['Coil Driver 14']
04-07 20:46:21 com_github_MitjaNemec_ReplicateLayout.replicate_layout 750:Significant difference between src net: ['', 'SDI'] and dst net: ['', 'SDIO_14'], with src_net_depth=2, dst_net_depth=2, src_fp_depth=1, dst_fp_depth=1, match level 0.80
04-07 20:46:21 com_github_MitjaNemec_ReplicateLayout.replicate_layout 766:Net pairs for sheet ['Coil Driver 14'] :[('/SDIO_1', '/SDIO_15'), ('/COIL0_B', '/COIL14_B'), ('/SCLK', '/SCLK'), ('GND', 'GND'), ('unconnected-(IC1-IS-Pad13)', 'unconnected-(IC15-IS-Pad13)'), ('/SDI', '/SDIO_14'), ('/CS', '/CS'), ('+3V3', '+3V3'), ('VDC', 'VDC'), ('/COIL0_A', '/COIL14_A')]
04-07 20:46:21 com_github_MitjaNemec_ReplicateLayout.replicate_layout 983:Replicating tracks on sheet ['Coil Driver 15']
04-07 20:46:21 com_github_MitjaNemec_ReplicateLayout.replicate_layout 750:Significant difference between src net: ['', 'SDI'] and dst net: ['', 'SDIO_16'], with src_net_depth=2, dst_net_depth=2, src_fp_depth=1, dst_fp_depth=1, match level 0.80
04-07 20:46:21 com_github_MitjaNemec_ReplicateLayout.replicate_layout 766:Net pairs for sheet ['Coil Driver 15'] :[('/SCLK', '/SCLK'), ('GND', 'GND'), ('/COIL0_B', '/COIL16_B'), ('/COIL0_A', '/COIL16_A'), ('unconnected-(IC1-IS-Pad13)', 'unconnected-(IC17-IS-Pad13)'), ('/SDIO_1', '/SDIO_17'), ('/SDI', '/SDIO_16'), ('/CS', '/CS'), ('+3V3', '+3V3'), ('VDC', 'VDC')]
04-07 20:46:21 com_github_MitjaNemec_ReplicateLayout.replicate_layout 983:Replicating tracks on sheet ['Coil Driver 16']
04-07 20:46:21 com_github_MitjaNemec_ReplicateLayout.replicate_layout 750:Significant difference between src net: ['', 'SDI'] and dst net: ['', 'SDIO_15'], with src_net_depth=2, dst_net_depth=2, src_fp_depth=1, dst_fp_depth=1, match level 0.80
04-07 20:46:21 com_github_MitjaNemec_ReplicateLayout.replicate_layout 766:Net pairs for sheet ['Coil Driver 16'] :[('/SCLK', '/SCLK'), ('GND', 'GND'), ('/COIL0_B', '/COIL15_B'), ('/SDI', '/SDIO_15'), ('/SDIO_1', '/SDIO_16'), ('/CS', '/CS'), ('+3V3', '+3V3'), ('VDC', 'VDC'), ('/COIL0_A', '/COIL15_A'), ('unconnected-(IC1-IS-Pad13)', 'unconnected-(IC16-IS-Pad13)')]
04-07 20:46:21 com_github_MitjaNemec_ReplicateLayout.replicate_layout 983:Replicating tracks on sheet ['Coil Driver 17']
04-07 20:46:21 com_github_MitjaNemec_ReplicateLayout.replicate_layout 750:Significant difference between src net: ['', 'SDI'] and dst net: ['', 'SDIO_17'], with src_net_depth=2, dst_net_depth=2, src_fp_depth=1, dst_fp_depth=1, match level 0.80
04-07 20:46:21 com_github_MitjaNemec_ReplicateLayout.replicate_layout 766:Net pairs for sheet ['Coil Driver 17'] :[('/SCLK', '/SCLK'), ('GND', 'GND'), ('/SDIO_1', '/SDIO_18'), ('unconnected-(IC1-IS-Pad13)', 'unconnected-(IC18-IS-Pad13)'), ('/CS', '/CS'), ('/SDI', '/SDIO_17'), ('+3V3', '+3V3'), ('/COIL0_B', '/COIL17_B'), ('VDC', 'VDC'), ('/COIL0_A', '/COIL17_A')]
04-07 20:46:21 com_github_MitjaNemec_ReplicateLayout.replicate_layout 983:Replicating tracks on sheet ['Coil Driver 18']
04-07 20:46:21 com_github_MitjaNemec_ReplicateLayout.replicate_layout 750:Significant difference between src net: ['', 'SDI'] and dst net: ['', 'SDIO_18'], with src_net_depth=2, dst_net_depth=2, src_fp_depth=1, dst_fp_depth=1, match level 0.80
04-07 20:46:21 com_github_MitjaNemec_ReplicateLayout.replicate_layout 766:Net pairs for sheet ['Coil Driver 18'] :[('unconnected-(IC1-IS-Pad13)', 'unconnected-(IC19-IS-Pad13)'), ('GND', 'GND'), ('/SCLK', '/SCLK'), ('/COIL0_A', '/COIL18_A'), ('/SDIO_1', '/SDIO_19'), ('/SDI', '/SDIO_18'), ('/COIL0_B', '/COIL18_B'), ('/CS', '/CS'), ('+3V3', '+3V3'), ('VDC', 'VDC')]
04-07 20:46:21 com_github_MitjaNemec_ReplicateLayout.replicate_layout 983:Replicating tracks on sheet ['Coil Driver 19']
04-07 20:46:21 com_github_MitjaNemec_ReplicateLayout.replicate_layout 750:Significant difference between src net: ['', 'SDI'] and dst net: ['', 'SDIO_19'], with src_net_depth=2, dst_net_depth=2, src_fp_depth=1, dst_fp_depth=1, match level 0.80
04-07 20:46:21 com_github_MitjaNemec_ReplicateLayout.replicate_layout 766:Net pairs for sheet ['Coil Driver 19'] :[('/SCLK', '/SCLK'), ('GND', 'GND'), ('unconnected-(IC1-IS-Pad13)', 'unconnected-(IC20-IS-Pad13)'), ('/SDIO_1', '/SDO'), ('/COIL0_A', '/COIL19_A'), ('/CS', '/CS'), ('/SDI', '/SDIO_19'), ('+3V3', '+3V3'), ('VDC', 'VDC'), ('/COIL0_B', '/COIL19_B')]
04-07 20:46:21 com_github_MitjaNemec_ReplicateLayout.replicate_layout 983:Replicating tracks on sheet ['Coil Driver 2']
04-07 20:46:21 com_github_MitjaNemec_ReplicateLayout.replicate_layout 766:Net pairs for sheet ['Coil Driver 2'] :[('/COIL0_A', '/COIL2_A'), ('/SCLK', '/SCLK'), ('GND', 'GND'), ('/SDIO_1', '/SDIO_3'), ('/COIL0_B', '/COIL2_B'), ('unconnected-(IC1-IS-Pad13)', 'unconnected-(IC3-IS-Pad13)'), ('/CS', '/CS'), ('+3V3', '+3V3'), ('/SDI', '/SDIO_2'), ('VDC', 'VDC')]
04-07 20:46:21 com_github_MitjaNemec_ReplicateLayout.replicate_layout 983:Replicating tracks on sheet ['Coil Driver 3']
04-07 20:46:21 com_github_MitjaNemec_ReplicateLayout.replicate_layout 766:Net pairs for sheet ['Coil Driver 3'] :[('/SCLK', '/SCLK'), ('GND', 'GND'), ('/COIL0_B', '/COIL3_B'), ('unconnected-(IC1-IS-Pad13)', 'unconnected-(IC4-IS-Pad13)'), ('/SDI', '/SDIO_3'), ('/CS', '/CS'), ('+3V3', '+3V3'), ('/COIL0_A', '/COIL3_A'), ('/SDIO_1', '/SDIO_4'), ('VDC', 'VDC')]
04-07 20:46:21 com_github_MitjaNemec_ReplicateLayout.replicate_layout 983:Replicating tracks on sheet ['Coil Driver 4']
04-07 20:46:21 com_github_MitjaNemec_ReplicateLayout.replicate_layout 766:Net pairs for sheet ['Coil Driver 4'] :[('/SCLK', '/SCLK'), ('GND', 'GND'), ('/COIL0_B', '/COIL4_B'), ('unconnected-(IC1-IS-Pad13)', 'unconnected-(IC5-IS-Pad13)'), ('/COIL0_A', '/COIL4_A'), ('/CS', '/CS'), ('+3V3', '+3V3'), ('VDC', 'VDC'), ('/SDIO_1', '/SDIO_5'), ('/SDI', '/SDIO_4')]
04-07 20:46:21 com_github_MitjaNemec_ReplicateLayout.replicate_layout 983:Replicating tracks on sheet ['Coil Driver 5']
04-07 20:46:21 com_github_MitjaNemec_ReplicateLayout.replicate_layout 766:Net pairs for sheet ['Coil Driver 5'] :[('/SCLK', '/SCLK'), ('GND', 'GND'), ('/COIL0_B', '/COIL9_B'), ('/COIL0_A', '/COIL9_A'), ('/SDI', '/SDIO_9'), ('/CS', '/CS'), ('+3V3', '+3V3'), ('/SDIO_1', '/SDIO_10'), ('unconnected-(IC1-IS-Pad13)', 'unconnected-(IC10-IS-Pad13)'), ('VDC', 'VDC')]
04-07 20:46:21 com_github_MitjaNemec_ReplicateLayout.replicate_layout 983:Replicating tracks on sheet ['Coil Driver 6']
04-07 20:46:21 com_github_MitjaNemec_ReplicateLayout.replicate_layout 766:Net pairs for sheet ['Coil Driver 6'] :[('/SDI', '/SDIO_8'), ('/SCLK', '/SCLK'), ('GND', 'GND'), ('/COIL0_B', '/COIL8_B'), ('unconnected-(IC1-IS-Pad13)', 'unconnected-(IC9-IS-Pad13)'), ('/SDIO_1', '/SDIO_9'), ('/COIL0_A', '/COIL8_A'), ('/CS', '/CS'), ('+3V3', '+3V3'), ('VDC', 'VDC')]
04-07 20:46:21 com_github_MitjaNemec_ReplicateLayout.replicate_layout 983:Replicating tracks on sheet ['Coil Driver 7']
04-07 20:46:21 com_github_MitjaNemec_ReplicateLayout.replicate_layout 766:Net pairs for sheet ['Coil Driver 7'] :[('/SCLK', '/SCLK'), ('GND', 'GND'), ('/COIL0_B', '/COIL7_B'), ('/COIL0_A', '/COIL7_A'), ('/CS', '/CS'), ('/SDIO_1', '/SDIO_8'), ('/SDI', '/SDIO_7'), ('+3V3', '+3V3'), ('VDC', 'VDC'), ('unconnected-(IC1-IS-Pad13)', 'unconnected-(IC8-IS-Pad13)')]
04-07 20:46:21 com_github_MitjaNemec_ReplicateLayout.replicate_layout 983:Replicating tracks on sheet ['Coil Driver 8']
04-07 20:46:21 com_github_MitjaNemec_ReplicateLayout.replicate_layout 766:Net pairs for sheet ['Coil Driver 8'] :[('/SCLK', '/SCLK'), ('GND', 'GND'), ('/SDI', '/SDIO_6'), ('unconnected-(IC1-IS-Pad13)', 'unconnected-(IC7-IS-Pad13)'), ('/SDIO_1', '/SDIO_7'), ('/CS', '/CS'), ('+3V3', '+3V3'), ('/COIL0_A', '/COIL6_A'), ('VDC', 'VDC'), ('/COIL0_B', '/COIL6_B')]
04-07 20:46:21 com_github_MitjaNemec_ReplicateLayout.replicate_layout 983:Replicating tracks on sheet ['Coil Driver 9']
04-07 20:46:21 com_github_MitjaNemec_ReplicateLayout.replicate_layout 766:Net pairs for sheet ['Coil Driver 9'] :[('/SCLK', '/SCLK'), ('GND', 'GND'), ('/SDI', '/SDIO_5'), ('unconnected-(IC1-IS-Pad13)', 'unconnected-(IC6-IS-Pad13)'), ('/COIL0_B', '/COIL5_B'), ('/CS', '/CS'), ('+3V3', '+3V3'), ('/COIL0_A', '/COIL5_A'), ('VDC', 'VDC'), ('/SDIO_1', '/SDIO_6')]
04-07 20:46:21 root 332:updating GUI message: 'Replicating zones'
04-07 20:46:21 com_github_MitjaNemec_ReplicateLayout.replicate_layout 1047:Replicating zones
04-07 20:46:21 com_github_MitjaNemec_ReplicateLayout.replicate_layout 1054:Replicating zones on sheet ['Coil Driver 1']
04-07 20:46:21 com_github_MitjaNemec_ReplicateLayout.replicate_layout 766:Net pairs for sheet ['Coil Driver 1'] :[('/SCLK', '/SCLK'), ('GND', 'GND'), ('/SDI', '/SDIO_1'), ('/SDIO_1', '/SDIO_2'), ('/COIL0_B', '/COIL1_B'), ('unconnected-(IC1-IS-Pad13)', 'unconnected-(IC2-IS-Pad13)'), ('/CS', '/CS'), ('+3V3', '+3V3'), ('VDC', 'VDC'), ('/COIL0_A', '/COIL1_A')]
04-07 20:46:21 com_github_MitjaNemec_ReplicateLayout.replicate_layout 1054:Replicating zones on sheet ['Coil Driver 10']
04-07 20:46:21 com_github_MitjaNemec_ReplicateLayout.replicate_layout 750:Significant difference between src net: ['', 'SDI'] and dst net: ['', 'SDIO_11'], with src_net_depth=2, dst_net_depth=2, src_fp_depth=1, dst_fp_depth=1, match level 0.80
04-07 20:46:21 com_github_MitjaNemec_ReplicateLayout.replicate_layout 766:Net pairs for sheet ['Coil Driver 10'] :[('/COIL0_B', '/COIL11_B'), ('/SCLK', '/SCLK'), ('GND', 'GND'), ('/COIL0_A', '/COIL11_A'), ('/SDIO_1', '/SDIO_12'), ('/CS', '/CS'), ('+3V3', '+3V3'), ('/SDI', '/SDIO_11'), ('VDC', 'VDC'), ('unconnected-(IC1-IS-Pad13)', 'unconnected-(IC12-IS-Pad13)')]
04-07 20:46:21 com_github_MitjaNemec_ReplicateLayout.replicate_layout 1054:Replicating zones on sheet ['Coil Driver 11']
04-07 20:46:21 com_github_MitjaNemec_ReplicateLayout.replicate_layout 750:Significant difference between src net: ['', 'SDI'] and dst net: ['', 'SDIO_10'], with src_net_depth=2, dst_net_depth=2, src_fp_depth=1, dst_fp_depth=1, match level 0.80
04-07 20:46:21 com_github_MitjaNemec_ReplicateLayout.replicate_layout 766:Net pairs for sheet ['Coil Driver 11'] :[('/SCLK', '/SCLK'), ('GND', 'GND'), ('unconnected-(IC1-IS-Pad13)', 'unconnected-(IC11-IS-Pad13)'), ('/COIL0_A', '/COIL10_A'), ('/SDIO_1', '/SDIO_11'), ('/COIL0_B', '/COIL10_B'), ('/CS', '/CS'), ('+3V3', '+3V3'), ('VDC', 'VDC'), ('/SDI', '/SDIO_10')]
04-07 20:46:21 com_github_MitjaNemec_ReplicateLayout.replicate_layout 1054:Replicating zones on sheet ['Coil Driver 12']
04-07 20:46:21 com_github_MitjaNemec_ReplicateLayout.replicate_layout 750:Significant difference between src net: ['', 'SDI'] and dst net: ['', 'SDIO_12'], with src_net_depth=2, dst_net_depth=2, src_fp_depth=1, dst_fp_depth=1, match level 0.80
04-07 20:46:21 com_github_MitjaNemec_ReplicateLayout.replicate_layout 766:Net pairs for sheet ['Coil Driver 12'] :[('/SCLK', '/SCLK'), ('GND', 'GND'), ('/COIL0_B', '/COIL12_B'), ('/SDIO_1', '/SDIO_13'), ('unconnected-(IC1-IS-Pad13)', 'unconnected-(IC13-IS-Pad13)'), ('/CS', '/CS'), ('/COIL0_A', '/COIL12_A'), ('+3V3', '+3V3'), ('VDC', 'VDC'), ('/SDI', '/SDIO_12')]
04-07 20:46:21 com_github_MitjaNemec_ReplicateLayout.replicate_layout 1054:Replicating zones on sheet ['Coil Driver 13']
04-07 20:46:21 com_github_MitjaNemec_ReplicateLayout.replicate_layout 750:Significant difference between src net: ['', 'SDI'] and dst net: ['', 'SDIO_13'], with src_net_depth=2, dst_net_depth=2, src_fp_depth=1, dst_fp_depth=1, match level 0.80
04-07 20:46:21 com_github_MitjaNemec_ReplicateLayout.replicate_layout 766:Net pairs for sheet ['Coil Driver 13'] :[('/COIL0_A', '/COIL13_A'), ('GND', 'GND'), ('/SCLK', '/SCLK'), ('/SDIO_1', '/SDIO_14'), ('/SDI', '/SDIO_13'), ('unconnected-(IC1-IS-Pad13)', 'unconnected-(IC14-IS-Pad13)'), ('/CS', '/CS'), ('+3V3', '+3V3'), ('VDC', 'VDC'), ('/COIL0_B', '/COIL13_B')]
04-07 20:46:21 com_github_MitjaNemec_ReplicateLayout.replicate_layout 1054:Replicating zones on sheet ['Coil Driver 14']
04-07 20:46:21 com_github_MitjaNemec_ReplicateLayout.replicate_layout 750:Significant difference between src net: ['', 'SDI'] and dst net: ['', 'SDIO_14'], with src_net_depth=2, dst_net_depth=2, src_fp_depth=1, dst_fp_depth=1, match level 0.80
04-07 20:46:21 com_github_MitjaNemec_ReplicateLayout.replicate_layout 766:Net pairs for sheet ['Coil Driver 14'] :[('/SDIO_1', '/SDIO_15'), ('/COIL0_B', '/COIL14_B'), ('/SCLK', '/SCLK'), ('GND', 'GND'), ('unconnected-(IC1-IS-Pad13)', 'unconnected-(IC15-IS-Pad13)'), ('/SDI', '/SDIO_14'), ('/CS', '/CS'), ('+3V3', '+3V3'), ('VDC', 'VDC'), ('/COIL0_A', '/COIL14_A')]
04-07 20:46:21 com_github_MitjaNemec_ReplicateLayout.replicate_layout 1054:Replicating zones on sheet ['Coil Driver 15']
04-07 20:46:21 com_github_MitjaNemec_ReplicateLayout.replicate_layout 750:Significant difference between src net: ['', 'SDI'] and dst net: ['', 'SDIO_16'], with src_net_depth=2, dst_net_depth=2, src_fp_depth=1, dst_fp_depth=1, match level 0.80
04-07 20:46:21 com_github_MitjaNemec_ReplicateLayout.replicate_layout 766:Net pairs for sheet ['Coil Driver 15'] :[('/SCLK', '/SCLK'), ('GND', 'GND'), ('/COIL0_B', '/COIL16_B'), ('/COIL0_A', '/COIL16_A'), ('unconnected-(IC1-IS-Pad13)', 'unconnected-(IC17-IS-Pad13)'), ('/SDIO_1', '/SDIO_17'), ('/SDI', '/SDIO_16'), ('/CS', '/CS'), ('+3V3', '+3V3'), ('VDC', 'VDC')]
04-07 20:46:21 com_github_MitjaNemec_ReplicateLayout.replicate_layout 1054:Replicating zones on sheet ['Coil Driver 16']
04-07 20:46:21 com_github_MitjaNemec_ReplicateLayout.replicate_layout 750:Significant difference between src net: ['', 'SDI'] and dst net: ['', 'SDIO_15'], with src_net_depth=2, dst_net_depth=2, src_fp_depth=1, dst_fp_depth=1, match level 0.80
04-07 20:46:21 com_github_MitjaNemec_ReplicateLayout.replicate_layout 766:Net pairs for sheet ['Coil Driver 16'] :[('/SCLK', '/SCLK'), ('GND', 'GND'), ('/COIL0_B', '/COIL15_B'), ('/SDI', '/SDIO_15'), ('/SDIO_1', '/SDIO_16'), ('/CS', '/CS'), ('+3V3', '+3V3'), ('VDC', 'VDC'), ('/COIL0_A', '/COIL15_A'), ('unconnected-(IC1-IS-Pad13)', 'unconnected-(IC16-IS-Pad13)')]
04-07 20:46:21 com_github_MitjaNemec_ReplicateLayout.replicate_layout 1054:Replicating zones on sheet ['Coil Driver 17']
04-07 20:46:21 com_github_MitjaNemec_ReplicateLayout.replicate_layout 750:Significant difference between src net: ['', 'SDI'] and dst net: ['', 'SDIO_17'], with src_net_depth=2, dst_net_depth=2, src_fp_depth=1, dst_fp_depth=1, match level 0.80
04-07 20:46:21 com_github_MitjaNemec_ReplicateLayout.replicate_layout 766:Net pairs for sheet ['Coil Driver 17'] :[('/SCLK', '/SCLK'), ('GND', 'GND'), ('/SDIO_1', '/SDIO_18'), ('unconnected-(IC1-IS-Pad13)', 'unconnected-(IC18-IS-Pad13)'), ('/CS', '/CS'), ('/SDI', '/SDIO_17'), ('+3V3', '+3V3'), ('/COIL0_B', '/COIL17_B'), ('VDC', 'VDC'), ('/COIL0_A', '/COIL17_A')]
04-07 20:46:21 com_github_MitjaNemec_ReplicateLayout.replicate_layout 1054:Replicating zones on sheet ['Coil Driver 18']
04-07 20:46:21 com_github_MitjaNemec_ReplicateLayout.replicate_layout 750:Significant difference between src net: ['', 'SDI'] and dst net: ['', 'SDIO_18'], with src_net_depth=2, dst_net_depth=2, src_fp_depth=1, dst_fp_depth=1, match level 0.80
04-07 20:46:21 com_github_MitjaNemec_ReplicateLayout.replicate_layout 766:Net pairs for sheet ['Coil Driver 18'] :[('unconnected-(IC1-IS-Pad13)', 'unconnected-(IC19-IS-Pad13)'), ('GND', 'GND'), ('/SCLK', '/SCLK'), ('/COIL0_A', '/COIL18_A'), ('/SDIO_1', '/SDIO_19'), ('/SDI', '/SDIO_18'), ('/COIL0_B', '/COIL18_B'), ('/CS', '/CS'), ('+3V3', '+3V3'), ('VDC', 'VDC')]
04-07 20:46:21 com_github_MitjaNemec_ReplicateLayout.replicate_layout 1054:Replicating zones on sheet ['Coil Driver 19']
04-07 20:46:21 com_github_MitjaNemec_ReplicateLayout.replicate_layout 750:Significant difference between src net: ['', 'SDI'] and dst net: ['', 'SDIO_19'], with src_net_depth=2, dst_net_depth=2, src_fp_depth=1, dst_fp_depth=1, match level 0.80
04-07 20:46:21 com_github_MitjaNemec_ReplicateLayout.replicate_layout 766:Net pairs for sheet ['Coil Driver 19'] :[('/SCLK', '/SCLK'), ('GND', 'GND'), ('unconnected-(IC1-IS-Pad13)', 'unconnected-(IC20-IS-Pad13)'), ('/SDIO_1', '/SDO'), ('/COIL0_A', '/COIL19_A'), ('/CS', '/CS'), ('/SDI', '/SDIO_19'), ('+3V3', '+3V3'), ('VDC', 'VDC'), ('/COIL0_B', '/COIL19_B')]
04-07 20:46:21 com_github_MitjaNemec_ReplicateLayout.replicate_layout 1054:Replicating zones on sheet ['Coil Driver 2']
04-07 20:46:21 com_github_MitjaNemec_ReplicateLayout.replicate_layout 766:Net pairs for sheet ['Coil Driver 2'] :[('/COIL0_A', '/COIL2_A'), ('/SCLK', '/SCLK'), ('GND', 'GND'), ('/SDIO_1', '/SDIO_3'), ('/COIL0_B', '/COIL2_B'), ('unconnected-(IC1-IS-Pad13)', 'unconnected-(IC3-IS-Pad13)'), ('/CS', '/CS'), ('+3V3', '+3V3'), ('/SDI', '/SDIO_2'), ('VDC', 'VDC')]
04-07 20:46:21 com_github_MitjaNemec_ReplicateLayout.replicate_layout 1054:Replicating zones on sheet ['Coil Driver 3']
04-07 20:46:21 com_github_MitjaNemec_ReplicateLayout.replicate_layout 766:Net pairs for sheet ['Coil Driver 3'] :[('/SCLK', '/SCLK'), ('GND', 'GND'), ('/COIL0_B', '/COIL3_B'), ('unconnected-(IC1-IS-Pad13)', 'unconnected-(IC4-IS-Pad13)'), ('/SDI', '/SDIO_3'), ('/CS', '/CS'), ('+3V3', '+3V3'), ('/COIL0_A', '/COIL3_A'), ('/SDIO_1', '/SDIO_4'), ('VDC', 'VDC')]
04-07 20:46:21 com_github_MitjaNemec_ReplicateLayout.replicate_layout 1054:Replicating zones on sheet ['Coil Driver 4']
04-07 20:46:21 com_github_MitjaNemec_ReplicateLayout.replicate_layout 766:Net pairs for sheet ['Coil Driver 4'] :[('/SCLK', '/SCLK'), ('GND', 'GND'), ('/COIL0_B', '/COIL4_B'), ('unconnected-(IC1-IS-Pad13)', 'unconnected-(IC5-IS-Pad13)'), ('/COIL0_A', '/COIL4_A'), ('/CS', '/CS'), ('+3V3', '+3V3'), ('VDC', 'VDC'), ('/SDIO_1', '/SDIO_5'), ('/SDI', '/SDIO_4')]
04-07 20:46:21 root 337:updating GUI with: 73
04-07 20:46:21 com_github_MitjaNemec_ReplicateLayout.replicate_layout 1054:Replicating zones on sheet ['Coil Driver 5']
04-07 20:46:21 com_github_MitjaNemec_ReplicateLayout.replicate_layout 766:Net pairs for sheet ['Coil Driver 5'] :[('/SCLK', '/SCLK'), ('GND', 'GND'), ('/COIL0_B', '/COIL9_B'), ('/COIL0_A', '/COIL9_A'), ('/SDI', '/SDIO_9'), ('/CS', '/CS'), ('+3V3', '+3V3'), ('/SDIO_1', '/SDIO_10'), ('unconnected-(IC1-IS-Pad13)', 'unconnected-(IC10-IS-Pad13)'), ('VDC', 'VDC')]
04-07 20:46:21 com_github_MitjaNemec_ReplicateLayout.replicate_layout 1054:Replicating zones on sheet ['Coil Driver 6']
04-07 20:46:21 com_github_MitjaNemec_ReplicateLayout.replicate_layout 766:Net pairs for sheet ['Coil Driver 6'] :[('/SDI', '/SDIO_8'), ('/SCLK', '/SCLK'), ('GND', 'GND'), ('/COIL0_B', '/COIL8_B'), ('unconnected-(IC1-IS-Pad13)', 'unconnected-(IC9-IS-Pad13)'), ('/SDIO_1', '/SDIO_9'), ('/COIL0_A', '/COIL8_A'), ('/CS', '/CS'), ('+3V3', '+3V3'), ('VDC', 'VDC')]
04-07 20:46:21 com_github_MitjaNemec_ReplicateLayout.replicate_layout 1054:Replicating zones on sheet ['Coil Driver 7']
04-07 20:46:21 com_github_MitjaNemec_ReplicateLayout.replicate_layout 766:Net pairs for sheet ['Coil Driver 7'] :[('/SCLK', '/SCLK'), ('GND', 'GND'), ('/COIL0_B', '/COIL7_B'), ('/COIL0_A', '/COIL7_A'), ('/CS', '/CS'), ('/SDIO_1', '/SDIO_8'), ('/SDI', '/SDIO_7'), ('+3V3', '+3V3'), ('VDC', 'VDC'), ('unconnected-(IC1-IS-Pad13)', 'unconnected-(IC8-IS-Pad13)')]
04-07 20:46:21 com_github_MitjaNemec_ReplicateLayout.replicate_layout 1054:Replicating zones on sheet ['Coil Driver 8']
04-07 20:46:21 com_github_MitjaNemec_ReplicateLayout.replicate_layout 766:Net pairs for sheet ['Coil Driver 8'] :[('/SCLK', '/SCLK'), ('GND', 'GND'), ('/SDI', '/SDIO_6'), ('unconnected-(IC1-IS-Pad13)', 'unconnected-(IC7-IS-Pad13)'), ('/SDIO_1', '/SDIO_7'), ('/CS', '/CS'), ('+3V3', '+3V3'), ('/COIL0_A', '/COIL6_A'), ('VDC', 'VDC'), ('/COIL0_B', '/COIL6_B')]
04-07 20:46:21 com_github_MitjaNemec_ReplicateLayout.replicate_layout 1054:Replicating zones on sheet ['Coil Driver 9']
04-07 20:46:21 com_github_MitjaNemec_ReplicateLayout.replicate_layout 766:Net pairs for sheet ['Coil Driver 9'] :[('/SCLK', '/SCLK'), ('GND', 'GND'), ('/SDI', '/SDIO_5'), ('unconnected-(IC1-IS-Pad13)', 'unconnected-(IC6-IS-Pad13)'), ('/COIL0_B', '/COIL5_B'), ('/CS', '/CS'), ('+3V3', '+3V3'), ('/COIL0_A', '/COIL5_A'), ('VDC', 'VDC'), ('/SDIO_1', '/SDIO_6')]
04-07 20:46:21 root 332:updating GUI message: 'Replicating text'
04-07 20:46:21 com_github_MitjaNemec_ReplicateLayout.replicate_layout 1136:Replicating text
04-07 20:46:21 com_github_MitjaNemec_ReplicateLayout.replicate_layout 1143:Replicating text on sheet ['Coil Driver 1']
04-07 20:46:21 com_github_MitjaNemec_ReplicateLayout.replicate_layout 1143:Replicating text on sheet ['Coil Driver 10']
04-07 20:46:21 com_github_MitjaNemec_ReplicateLayout.replicate_layout 1143:Replicating text on sheet ['Coil Driver 11']
04-07 20:46:21 com_github_MitjaNemec_ReplicateLayout.replicate_layout 1143:Replicating text on sheet ['Coil Driver 12']
04-07 20:46:21 com_github_MitjaNemec_ReplicateLayout.replicate_layout 1143:Replicating text on sheet ['Coil Driver 13']
04-07 20:46:21 com_github_MitjaNemec_ReplicateLayout.replicate_layout 1143:Replicating text on sheet ['Coil Driver 14']
04-07 20:46:21 com_github_MitjaNemec_ReplicateLayout.replicate_layout 1143:Replicating text on sheet ['Coil Driver 15']
04-07 20:46:21 com_github_MitjaNemec_ReplicateLayout.replicate_layout 1143:Replicating text on sheet ['Coil Driver 16']
04-07 20:46:21 com_github_MitjaNemec_ReplicateLayout.replicate_layout 1143:Replicating text on sheet ['Coil Driver 17']
04-07 20:46:21 com_github_MitjaNemec_ReplicateLayout.replicate_layout 1143:Replicating text on sheet ['Coil Driver 18']
04-07 20:46:21 com_github_MitjaNemec_ReplicateLayout.replicate_layout 1143:Replicating text on sheet ['Coil Driver 19']
04-07 20:46:21 com_github_MitjaNemec_ReplicateLayout.replicate_layout 1143:Replicating text on sheet ['Coil Driver 2']
04-07 20:46:21 com_github_MitjaNemec_ReplicateLayout.replicate_layout 1143:Replicating text on sheet ['Coil Driver 3']
04-07 20:46:21 com_github_MitjaNemec_ReplicateLayout.replicate_layout 1143:Replicating text on sheet ['Coil Driver 4']
04-07 20:46:21 com_github_MitjaNemec_ReplicateLayout.replicate_layout 1143:Replicating text on sheet ['Coil Driver 5']
04-07 20:46:21 com_github_MitjaNemec_ReplicateLayout.replicate_layout 1143:Replicating text on sheet ['Coil Driver 6']
04-07 20:46:21 com_github_MitjaNemec_ReplicateLayout.replicate_layout 1143:Replicating text on sheet ['Coil Driver 7']
04-07 20:46:21 com_github_MitjaNemec_ReplicateLayout.replicate_layout 1143:Replicating text on sheet ['Coil Driver 8']
04-07 20:46:21 com_github_MitjaNemec_ReplicateLayout.replicate_layout 1143:Replicating text on sheet ['Coil Driver 9']
04-07 20:46:21 root 332:updating GUI message: 'Replicating drawings'
04-07 20:46:21 com_github_MitjaNemec_ReplicateLayout.replicate_layout 1187:Replicating drawings
04-07 20:46:21 com_github_MitjaNemec_ReplicateLayout.replicate_layout 1193:Replicating drawings on sheet ['Coil Driver 1']
04-07 20:46:21 com_github_MitjaNemec_ReplicateLayout.replicate_layout 1193:Replicating drawings on sheet ['Coil Driver 10']
04-07 20:46:21 com_github_MitjaNemec_ReplicateLayout.replicate_layout 1193:Replicating drawings on sheet ['Coil Driver 11']
04-07 20:46:21 com_github_MitjaNemec_ReplicateLayout.replicate_layout 1193:Replicating drawings on sheet ['Coil Driver 12']
04-07 20:46:21 com_github_MitjaNemec_ReplicateLayout.replicate_layout 1193:Replicating drawings on sheet ['Coil Driver 13']
04-07 20:46:21 com_github_MitjaNemec_ReplicateLayout.replicate_layout 1193:Replicating drawings on sheet ['Coil Driver 14']
04-07 20:46:21 com_github_MitjaNemec_ReplicateLayout.replicate_layout 1193:Replicating drawings on sheet ['Coil Driver 15']
04-07 20:46:21 com_github_MitjaNemec_ReplicateLayout.replicate_layout 1193:Replicating drawings on sheet ['Coil Driver 16']
04-07 20:46:21 com_github_MitjaNemec_ReplicateLayout.replicate_layout 1193:Replicating drawings on sheet ['Coil Driver 17']
04-07 20:46:21 com_github_MitjaNemec_ReplicateLayout.replicate_layout 1193:Replicating drawings on sheet ['Coil Driver 18']
04-07 20:46:21 com_github_MitjaNemec_ReplicateLayout.replicate_layout 1193:Replicating drawings on sheet ['Coil Driver 19']
04-07 20:46:21 com_github_MitjaNemec_ReplicateLayout.replicate_layout 1193:Replicating drawings on sheet ['Coil Driver 2']
04-07 20:46:21 com_github_MitjaNemec_ReplicateLayout.replicate_layout 1193:Replicating drawings on sheet ['Coil Driver 3']
04-07 20:46:21 com_github_MitjaNemec_ReplicateLayout.replicate_layout 1193:Replicating drawings on sheet ['Coil Driver 4']
04-07 20:46:21 com_github_MitjaNemec_ReplicateLayout.replicate_layout 1193:Replicating drawings on sheet ['Coil Driver 5']
04-07 20:46:21 com_github_MitjaNemec_ReplicateLayout.replicate_layout 1193:Replicating drawings on sheet ['Coil Driver 6']
04-07 20:46:21 com_github_MitjaNemec_ReplicateLayout.replicate_layout 1193:Replicating drawings on sheet ['Coil Driver 7']
04-07 20:46:21 com_github_MitjaNemec_ReplicateLayout.replicate_layout 1193:Replicating drawings on sheet ['Coil Driver 8']
04-07 20:46:21 com_github_MitjaNemec_ReplicateLayout.replicate_layout 1193:Replicating drawings on sheet ['Coil Driver 9']
04-07 20:46:21 com_github_MitjaNemec_ReplicateLayout.action_replicate_layout 256:Replication complete
04-07 20:46:21 com_github_MitjaNemec_ReplicateLayout.action_replicate_layout 259:Letting the user know there are some issues with replicated design
04-07 20:46:21 com_github_MitjaNemec_ReplicateLayout.action_replicate_layout 263:Looks like the design has an exotic connectivity that the plugin might not handle properly
 Make sure that you check the connectivity around:
Footprint IC12, pad 2
Footprint IC11, pad 2
Footprint IC14, pad 2
Footprint IC13, pad 2
Footprint IC16, pad 2
Footprint IC15, pad 2
Footprint IC20, pad 2
Footprint IC17, pad 2
Footprint IC19, pad 2
Footprint IC18, pad 2

