11-26 13:33:18 com_github_MitjaNemec_ReplicateLayout.action_replicate_layout 392:Plugin executed on: 'win32'
11-26 13:33:18 com_github_MitjaNemec_ReplicateLayout.action_replicate_layout 393:Plugin executed with python version: '3.9.16 (main, Oct 13 2023, 05:50:11) [MSC v.1936 64 bit (AMD64)]'
11-26 13:33:18 com_github_MitjaNemec_ReplicateLayout.action_replicate_layout 394:KiCad build version: 7.0.10
11-26 13:33:18 com_github_MitjaNemec_ReplicateLayout.action_replicate_layout 395:Plugin version: 2.1.3
11-26 13:33:18 com_github_MitjaNemec_ReplicateLayout.action_replicate_layout 396:Frame repr: <wx._core.Frame object at 0x0000027E16B63D30>
11-26 13:33:18 com_github_MitjaNemec_ReplicateLayout.action_replicate_layout 420:Preparing replicator with U4 as a reference
11-26 13:33:18 com_github_MitjaNemec_ReplicateLayout.replicate_layout 117:getting a list of all footprints on board
11-26 13:33:18 com_github_MitjaNemec_ReplicateLayout.action_replicate_layout 468:source anchor footprint is 'U4'
Located on: ['MotorDriver1']
With filenames: ['motdrive.kicad_sch']
With sheet_id:['MotorDriver1']
11-26 13:33:18 com_github_MitjaNemec_ReplicateLayout.action_replicate_layout 475:Corresponding footprints are 
[('U5', ['MotorDriver0']), ('U4', ['MotorDriver1'])]
11-26 13:33:18 com_github_MitjaNemec_ReplicateLayout.action_replicate_layout 487:Showing dialog
11-26 13:33:18 com_github_MitjaNemec_ReplicateLayout.replicate_layout 424:constructing a list of sheets suitable for replication on level:'MotorDriver1', file:'motdrive.kicad_sch'
11-26 13:33:18 com_github_MitjaNemec_ReplicateLayout.replicate_layout 461:suitable sheets are:[['MotorDriver0']]
11-26 13:33:18 com_github_MitjaNemec_ReplicateLayout.replicate_layout 1464:Level selected: ['MotorDriver1']
11-26 13:33:18 com_github_MitjaNemec_ReplicateLayout.replicate_layout 1299:Filtering list of tracks
11-26 13:33:18 com_github_MitjaNemec_ReplicateLayout.action_replicate_layout 493:Toolbar position: wx.Point(3120, 142)
11-26 13:33:18 com_github_MitjaNemec_ReplicateLayout.action_replicate_layout 498:Dialog position: wx.Point(2681, 142)
11-26 13:33:20 com_github_MitjaNemec_ReplicateLayout.replicate_layout 424:constructing a list of sheets suitable for replication on level:'MotorDriver1', file:'motdrive.kicad_sch'
11-26 13:33:20 com_github_MitjaNemec_ReplicateLayout.replicate_layout 461:suitable sheets are:[['MotorDriver0']]
11-26 13:33:20 com_github_MitjaNemec_ReplicateLayout.action_replicate_layout 240:Replicating layout
11-26 13:33:20 com_github_MitjaNemec_ReplicateLayout.replicate_layout 240:Starting replication of sheets: [['MotorDriver0']]
on level: ['MotorDriver1']
with tracks=True, zone=True, text=True, text=True, intersecting=False, remove=False, locked footprints=False, group_only=False
11-26 13:33:20 root 332:updating GUI message: 'Preparing for replication'
11-26 13:33:20 root 337:updating GUI with: 0
11-26 13:33:20 com_github_MitjaNemec_ReplicateLayout.replicate_layout 310:Getting the list of source footprints
11-26 13:33:20 com_github_MitjaNemec_ReplicateLayout.replicate_layout 320:Getting the list of all the remaining footprints
11-26 13:33:20 com_github_MitjaNemec_ReplicateLayout.replicate_layout 327:Getting source tracks
11-26 13:33:20 com_github_MitjaNemec_ReplicateLayout.replicate_layout 1299:Filtering list of tracks
11-26 13:33:20 com_github_MitjaNemec_ReplicateLayout.replicate_layout 331:Getting source zones
11-26 13:33:20 com_github_MitjaNemec_ReplicateLayout.replicate_layout 335:Getting source text items
11-26 13:33:20 com_github_MitjaNemec_ReplicateLayout.replicate_layout 339:Getting source drawing items
11-26 13:33:20 root 332:updating GUI message: 'Replicating footprints'
11-26 13:33:20 com_github_MitjaNemec_ReplicateLayout.replicate_layout 806:Replicating footprints
11-26 13:33:20 com_github_MitjaNemec_ReplicateLayout.replicate_layout 813:Replicating footprints on sheet ['MotorDriver0']
11-26 13:33:20 root 332:updating GUI message: 'Replicating tracks'
11-26 13:33:20 com_github_MitjaNemec_ReplicateLayout.replicate_layout 977:Replicating tracks
11-26 13:33:20 com_github_MitjaNemec_ReplicateLayout.replicate_layout 983:Replicating tracks on sheet ['MotorDriver0']
11-26 13:33:20 com_github_MitjaNemec_ReplicateLayout.replicate_layout 766:Net pairs for sheet ['MotorDriver0'] :[('Net-(U4-SENSEB)', 'Net-(U5-SENSEB)'), ('', ''), ('GND', 'GND'), ('/VREF', '/VREF'), ('/MotorDriver1/RST', '/MotorDriver0/RST'), ('/MotorDriver1/DIR', '/MotorDriver0/DIR'), ('/MotorDriver1/STEP', '/MotorDriver0/STEP'), ('/M1_A2', '/M0_A2'), ('Net-(U4-TOFF)', 'Net-(U5-TOFF)'), ('+3V3', '+3V3'), ('Net-(U4-SENSEA)', 'Net-(U5-SENSEA)'), ('/MotorDriver1/EN', '/MotorDriver0/EN'), ('/M1_A1', '/M0_A1'), ('/M1_B2', '/M0_B2'), ('/M1_B1', '/M0_B1'), ('Net-(C18-Pad1)', 'Net-(C22-Pad1)'), ('VDC', 'VDC')]
11-26 13:33:20 root 332:updating GUI message: 'Replicating zones'
11-26 13:33:20 com_github_MitjaNemec_ReplicateLayout.replicate_layout 1047:Replicating zones
11-26 13:33:20 com_github_MitjaNemec_ReplicateLayout.replicate_layout 1054:Replicating zones on sheet ['MotorDriver0']
11-26 13:33:20 com_github_MitjaNemec_ReplicateLayout.replicate_layout 766:Net pairs for sheet ['MotorDriver0'] :[('Net-(U4-SENSEB)', 'Net-(U5-SENSEB)'), ('', ''), ('GND', 'GND'), ('/VREF', '/VREF'), ('/MotorDriver1/RST', '/MotorDriver0/RST'), ('/MotorDriver1/DIR', '/MotorDriver0/DIR'), ('/MotorDriver1/STEP', '/MotorDriver0/STEP'), ('/M1_A2', '/M0_A2'), ('Net-(U4-TOFF)', 'Net-(U5-TOFF)'), ('+3V3', '+3V3'), ('Net-(U4-SENSEA)', 'Net-(U5-SENSEA)'), ('/MotorDriver1/EN', '/MotorDriver0/EN'), ('/M1_A1', '/M0_A1'), ('/M1_B2', '/M0_B2'), ('/M1_B1', '/M0_B1'), ('Net-(C18-Pad1)', 'Net-(C22-Pad1)'), ('VDC', 'VDC')]
11-26 13:33:20 root 332:updating GUI message: 'Replicating text'
11-26 13:33:20 com_github_MitjaNemec_ReplicateLayout.replicate_layout 1136:Replicating text
11-26 13:33:20 com_github_MitjaNemec_ReplicateLayout.replicate_layout 1143:Replicating text on sheet ['MotorDriver0']
11-26 13:33:20 root 332:updating GUI message: 'Replicating drawings'
11-26 13:33:20 com_github_MitjaNemec_ReplicateLayout.replicate_layout 1187:Replicating drawings
11-26 13:33:20 com_github_MitjaNemec_ReplicateLayout.replicate_layout 1193:Replicating drawings on sheet ['MotorDriver0']
11-26 13:33:20 com_github_MitjaNemec_ReplicateLayout.action_replicate_layout 256:Replication complete
